{"E:\\develop\\workespace\\node\\shtm\\spec\\ghy\\xixi.spec.js":{"path":"E:\\develop\\workespace\\node\\shtm\\spec\\ghy\\xixi.spec.js","s":{"1":1,"2":1,"3":1},"b":{},"f":{"1":1,"2":1},"fnMap":{"1":{"name":"(anonymous_1)","line":4,"loc":{"start":{"line":4,"column":21},"end":{"line":4,"column":33}}},"2":{"name":"(anonymous_2)","line":5,"loc":{"start":{"line":5,"column":45},"end":{"line":5,"column":57}}}},"statementMap":{"1":{"start":{"line":4,"column":0},"end":{"line":8,"column":3}},"2":{"start":{"line":5,"column":4},"end":{"line":7,"column":7}},"3":{"start":{"line":6,"column":8},"end":{"line":6,"column":34}}},"branchMap":{}}}